1739811899.447674 client started (13565): version 3.5a, socket /private/tmp/tmux-501/default, protocol 8
1739811899.447760 on Darwin 24.2.0 Darwin Kernel Version 24.2.0: Fri Dec  6 18:51:28 PST 2024; root:xnu-11215.61.5~2/RELEASE_ARM64_T8112
1739811899.447772 using libevent 2.1.12-stable select
1739811899.448204 using utf8proc 2.10.0
1739811899.448226 using ncurses 6.5 20240427
1739811899.448251 flags are 0x18010000
1739811899.448260 socket is /private/tmp/tmux-501/default
1739811899.448295 trying connect
1739811899.448346 connect failed: Connection refused
1739811899.448361 lock file is /private/tmp/tmux-501/default.lock
1739811899.448472 flock succeeded
1739811899.448479 got lock (6)
1739811899.448487 trying connect
1739811899.448496 connect failed: Connection refused
1739811899.448988 add peer 0x148048000: 7 (0x0)
1739811899.453015 sending message 111 to peer 0x148048000 (8 bytes)
1739811899.453030 sending message 111 to peer 0x148048000 (8 bytes)
1739811899.453038 sending message 101 to peer 0x148048000 (15 bytes)
1739811899.453046 sending message 109 to peer 0x148048000 (4 bytes)
1739811899.453053 sending message 102 to peer 0x148048000 (13 bytes)
1739811899.453060 sending message 108 to peer 0x148048000 (52 bytes)
1739811899.453068 sending message 112 to peer 0x148048000 (58 bytes)
1739811899.453074 sending message 112 to peer 0x148048000 (5 bytes)
1739811899.453082 sending message 112 to peer 0x148048000 (5 bytes)
1739811899.453089 sending message 112 to peer 0x148048000 (6 bytes)
1739811899.453096 sending message 112 to peer 0x148048000 (6 bytes)
1739811899.453102 sending message 112 to peer 0x148048000 (11 bytes)
1739811899.453110 sending message 112 to peer 0x148048000 (10 bytes)
1739811899.453116 sending message 112 to peer 0x148048000 (13 bytes)
1739811899.453123 sending message 112 to peer 0x148048000 (14 bytes)
1739811899.453130 sending message 112 to peer 0x148048000 (19 bytes)
1739811899.453137 sending message 112 to peer 0x148048000 (11 bytes)
1739811899.453143 sending message 112 to peer 0x148048000 (10 bytes)
1739811899.453149 sending message 112 to peer 0x148048000 (15 bytes)
1739811899.453155 sending message 112 to peer 0x148048000 (21 bytes)
1739811899.453161 sending message 112 to peer 0x148048000 (13 bytes)
1739811899.453169 sending message 112 to peer 0x148048000 (7 bytes)
1739811899.453176 sending message 112 to peer 0x148048000 (13 bytes)
1739811899.453183 sending message 112 to peer 0x148048000 (7 bytes)
1739811899.453190 sending message 112 to peer 0x148048000 (13 bytes)
1739811899.453196 sending message 112 to peer 0x148048000 (9 bytes)
1739811899.453202 sending message 112 to peer 0x148048000 (21 bytes)
1739811899.453209 sending message 112 to peer 0x148048000 (13 bytes)
1739811899.453216 sending message 112 to peer 0x148048000 (9 bytes)
1739811899.453223 sending message 112 to peer 0x148048000 (16 bytes)
1739811899.453230 sending message 112 to peer 0x148048000 (13 bytes)
1739811899.453237 sending message 112 to peer 0x148048000 (9 bytes)
1739811899.453246 sending message 112 to peer 0x148048000 (9 bytes)
1739811899.453253 sending message 112 to peer 0x148048000 (12 bytes)
1739811899.453260 sending message 112 to peer 0x148048000 (8 bytes)
1739811899.453267 sending message 112 to peer 0x148048000 (8 bytes)
1739811899.453275 sending message 112 to peer 0x148048000 (13 bytes)
1739811899.453281 sending message 112 to peer 0x148048000 (7 bytes)
1739811899.453288 sending message 112 to peer 0x148048000 (7 bytes)
1739811899.453295 sending message 112 to peer 0x148048000 (9 bytes)
1739811899.453302 sending message 112 to peer 0x148048000 (9 bytes)
1739811899.453309 sending message 112 to peer 0x148048000 (15 bytes)
1739811899.453316 sending message 112 to peer 0x148048000 (13 bytes)
1739811899.453322 sending message 112 to peer 0x148048000 (12 bytes)
1739811899.453330 sending message 112 to peer 0x148048000 (8 bytes)
1739811899.453337 sending message 112 to peer 0x148048000 (14 bytes)
1739811899.453344 sending message 112 to peer 0x148048000 (11 bytes)
1739811899.453350 sending message 112 to peer 0x148048000 (9 bytes)
1739811899.453374 sending message 112 to peer 0x148048000 (10 bytes)
1739811899.453380 sending message 112 to peer 0x148048000 (10 bytes)
1739811899.453385 sending message 112 to peer 0x148048000 (10 bytes)
1739811899.453390 sending message 112 to peer 0x148048000 (10 bytes)
1739811899.453394 sending message 112 to peer 0x148048000 (11 bytes)
1739811899.453399 sending message 112 to peer 0x148048000 (12 bytes)
1739811899.453404 sending message 112 to peer 0x148048000 (12 bytes)
1739811899.453409 sending message 112 to peer 0x148048000 (12 bytes)
1739811899.453415 sending message 112 to peer 0x148048000 (12 bytes)
1739811899.453421 sending message 112 to peer 0x148048000 (12 bytes)
1739811899.453427 sending message 112 to peer 0x148048000 (11 bytes)
1739811899.453433 sending message 112 to peer 0x148048000 (11 bytes)
1739811899.453438 sending message 112 to peer 0x148048000 (12 bytes)
1739811899.453444 sending message 112 to peer 0x148048000 (12 bytes)
1739811899.453450 sending message 112 to peer 0x148048000 (12 bytes)
1739811899.453455 sending message 112 to peer 0x148048000 (12 bytes)
1739811899.453461 sending message 112 to peer 0x148048000 (12 bytes)
1739811899.453466 sending message 112 to peer 0x148048000 (9 bytes)
1739811899.453472 sending message 112 to peer 0x148048000 (12 bytes)
1739811899.453477 sending message 112 to peer 0x148048000 (13 bytes)
1739811899.453482 sending message 112 to peer 0x148048000 (13 bytes)
1739811899.453488 sending message 112 to peer 0x148048000 (13 bytes)
1739811899.453493 sending message 112 to peer 0x148048000 (13 bytes)
1739811899.453498 sending message 112 to peer 0x148048000 (13 bytes)
1739811899.453503 sending message 112 to peer 0x148048000 (8 bytes)
1739811899.453508 sending message 112 to peer 0x148048000 (11 bytes)
1739811899.453514 sending message 112 to peer 0x148048000 (11 bytes)
1739811899.453519 sending message 112 to peer 0x148048000 (11 bytes)
1739811899.453524 sending message 112 to peer 0x148048000 (12 bytes)
1739811899.453530 sending message 112 to peer 0x148048000 (12 bytes)
1739811899.453535 sending message 112 to peer 0x148048000 (12 bytes)
1739811899.453540 sending message 112 to peer 0x148048000 (12 bytes)
1739811899.453545 sending message 112 to peer 0x148048000 (13 bytes)
1739811899.453550 sending message 112 to peer 0x148048000 (13 bytes)
1739811899.453556 sending message 112 to peer 0x148048000 (13 bytes)
1739811899.453561 sending message 112 to peer 0x148048000 (8 bytes)
1739811899.453566 sending message 112 to peer 0x148048000 (13 bytes)
1739811899.453571 sending message 112 to peer 0x148048000 (13 bytes)
1739811899.453575 sending message 112 to peer 0x148048000 (13 bytes)
1739811899.453580 sending message 112 to peer 0x148048000 (13 bytes)
1739811899.453585 sending message 112 to peer 0x148048000 (13 bytes)
1739811899.453590 sending message 112 to peer 0x148048000 (12 bytes)
1739811899.453595 sending message 112 to peer 0x148048000 (12 bytes)
1739811899.453601 sending message 112 to peer 0x148048000 (12 bytes)
1739811899.453606 sending message 112 to peer 0x148048000 (12 bytes)
1739811899.453610 sending message 112 to peer 0x148048000 (13 bytes)
1739811899.453615 sending message 112 to peer 0x148048000 (8 bytes)
1739811899.453619 sending message 112 to peer 0x148048000 (13 bytes)
1739811899.453623 sending message 112 to peer 0x148048000 (13 bytes)
1739811899.453631 sending message 112 to peer 0x148048000 (13 bytes)
1739811899.453636 sending message 112 to peer 0x148048000 (13 bytes)
1739811899.453642 sending message 112 to peer 0x148048000 (13 bytes)
1739811899.453649 sending message 112 to peer 0x148048000 (13 bytes)
1739811899.453655 sending message 112 to peer 0x148048000 (13 bytes)
1739811899.453662 sending message 112 to peer 0x148048000 (12 bytes)
1739811899.453668 sending message 112 to peer 0x148048000 (12 bytes)
1739811899.453673 sending message 112 to peer 0x148048000 (12 bytes)
1739811899.453679 sending message 112 to peer 0x148048000 (8 bytes)
1739811899.453684 sending message 112 to peer 0x148048000 (12 bytes)
1739811899.453689 sending message 112 to peer 0x148048000 (13 bytes)
1739811899.453702 sending message 112 to peer 0x148048000 (13 bytes)
1739811899.453707 sending message 112 to peer 0x148048000 (13 bytes)
1739811899.453712 sending message 112 to peer 0x148048000 (13 bytes)
1739811899.453717 sending message 112 to peer 0x148048000 (13 bytes)
1739811899.453722 sending message 112 to peer 0x148048000 (13 bytes)
1739811899.453727 sending message 112 to peer 0x148048000 (13 bytes)
1739811899.453732 sending message 112 to peer 0x148048000 (13 bytes)
1739811899.453737 sending message 112 to peer 0x148048000 (12 bytes)
1739811899.453742 sending message 112 to peer 0x148048000 (10 bytes)
1739811899.453747 sending message 112 to peer 0x148048000 (12 bytes)
1739811899.453752 sending message 112 to peer 0x148048000 (12 bytes)
1739811899.453757 sending message 112 to peer 0x148048000 (12 bytes)
1739811899.453763 sending message 112 to peer 0x148048000 (13 bytes)
1739811899.453768 sending message 112 to peer 0x148048000 (13 bytes)
1739811899.453774 sending message 112 to peer 0x148048000 (13 bytes)
1739811899.453778 sending message 112 to peer 0x148048000 (13 bytes)
1739811899.453783 sending message 112 to peer 0x148048000 (13 bytes)
1739811899.453788 sending message 112 to peer 0x148048000 (13 bytes)
1739811899.453793 sending message 112 to peer 0x148048000 (13 bytes)
1739811899.453798 sending message 112 to peer 0x148048000 (10 bytes)
1739811899.453804 sending message 112 to peer 0x148048000 (13 bytes)
1739811899.453809 sending message 112 to peer 0x148048000 (12 bytes)
1739811899.453814 sending message 112 to peer 0x148048000 (12 bytes)
1739811899.453819 sending message 112 to peer 0x148048000 (12 bytes)
1739811899.453824 sending message 112 to peer 0x148048000 (10 bytes)
1739811899.453829 sending message 112 to peer 0x148048000 (10 bytes)
1739811899.453834 sending message 112 to peer 0x148048000 (10 bytes)
1739811899.453840 sending message 112 to peer 0x148048000 (12 bytes)
1739811899.453846 sending message 112 to peer 0x148048000 (13 bytes)
1739811899.453851 sending message 112 to peer 0x148048000 (13 bytes)
1739811899.453857 sending message 112 to peer 0x148048000 (13 bytes)
1739811899.453863 sending message 112 to peer 0x148048000 (13 bytes)
1739811899.453868 sending message 112 to peer 0x148048000 (13 bytes)
1739811899.453874 sending message 112 to peer 0x148048000 (10 bytes)
1739811899.453880 sending message 112 to peer 0x148048000 (11 bytes)
1739811899.453899 sending message 112 to peer 0x148048000 (12 bytes)
1739811899.453904 sending message 112 to peer 0x148048000 (12 bytes)
1739811899.453908 sending message 112 to peer 0x148048000 (12 bytes)
1739811899.453914 sending message 112 to peer 0x148048000 (12 bytes)
1739811899.453919 sending message 112 to peer 0x148048000 (12 bytes)
1739811899.453924 sending message 112 to peer 0x148048000 (11 bytes)
1739811899.453929 sending message 112 to peer 0x148048000 (12 bytes)
1739811899.453934 sending message 112 to peer 0x148048000 (12 bytes)
1739811899.453939 sending message 112 to peer 0x148048000 (13 bytes)
1739811899.453944 sending message 112 to peer 0x148048000 (13 bytes)
1739811899.453948 sending message 112 to peer 0x148048000 (13 bytes)
1739811899.453962 sending message 112 to peer 0x148048000 (13 bytes)
1739811899.453967 sending message 112 to peer 0x148048000 (13 bytes)
1739811899.453972 sending message 112 to peer 0x148048000 (10 bytes)
1739811899.453977 sending message 112 to peer 0x148048000 (9 bytes)
1739811899.453983 sending message 112 to peer 0x148048000 (12 bytes)
1739811899.453987 sending message 112 to peer 0x148048000 (13 bytes)
1739811899.453992 sending message 112 to peer 0x148048000 (13 bytes)
1739811899.453996 sending message 112 to peer 0x148048000 (13 bytes)
1739811899.454000 sending message 112 to peer 0x148048000 (13 bytes)
1739811899.454004 sending message 112 to peer 0x148048000 (13 bytes)
1739811899.454009 sending message 112 to peer 0x148048000 (9 bytes)
1739811899.454014 sending message 112 to peer 0x148048000 (12 bytes)
1739811899.454020 sending message 112 to peer 0x148048000 (13 bytes)
1739811899.454031 sending message 112 to peer 0x148048000 (13 bytes)
1739811899.454038 sending message 112 to peer 0x148048000 (13 bytes)
1739811899.454044 sending message 112 to peer 0x148048000 (13 bytes)
1739811899.454049 sending message 112 to peer 0x148048000 (13 bytes)
1739811899.454054 sending message 112 to peer 0x148048000 (11 bytes)
1739811899.454059 sending message 112 to peer 0x148048000 (12 bytes)
1739811899.454065 sending message 112 to peer 0x148048000 (13 bytes)
1739811899.454070 sending message 112 to peer 0x148048000 (13 bytes)
1739811899.454076 sending message 112 to peer 0x148048000 (13 bytes)
1739811899.454081 sending message 112 to peer 0x148048000 (13 bytes)
1739811899.454087 sending message 112 to peer 0x148048000 (13 bytes)
1739811899.454093 sending message 112 to peer 0x148048000 (11 bytes)
1739811899.454098 sending message 112 to peer 0x148048000 (12 bytes)
1739811899.454105 sending message 112 to peer 0x148048000 (12 bytes)
1739811899.454110 sending message 112 to peer 0x148048000 (12 bytes)
1739811899.454122 sending message 112 to peer 0x148048000 (12 bytes)
1739811899.454126 sending message 112 to peer 0x148048000 (12 bytes)
1739811899.454132 sending message 112 to peer 0x148048000 (21 bytes)
1739811899.454138 sending message 112 to peer 0x148048000 (12 bytes)
1739811899.454143 sending message 112 to peer 0x148048000 (9 bytes)
1739811899.454148 sending message 112 to peer 0x148048000 (6 bytes)
1739811899.454153 sending message 112 to peer 0x148048000 (13 bytes)
1739811899.454158 sending message 112 to peer 0x148048000 (10 bytes)
1739811899.454164 sending message 112 to peer 0x148048000 (24 bytes)
1739811899.454169 sending message 112 to peer 0x148048000 (13 bytes)
1739811899.454174 sending message 112 to peer 0x148048000 (9 bytes)
1739811899.454179 sending message 112 to peer 0x148048000 (70 bytes)
1739811899.454184 sending message 112 to peer 0x148048000 (69 bytes)
1739811899.454189 sending message 112 to peer 0x148048000 (12 bytes)
1739811899.454195 sending message 112 to peer 0x148048000 (10 bytes)
1739811899.454199 sending message 112 to peer 0x148048000 (10 bytes)
1739811899.454203 sending message 112 to peer 0x148048000 (24 bytes)
1739811899.454208 sending message 112 to peer 0x148048000 (13 bytes)
1739811899.454213 sending message 112 to peer 0x148048000 (10 bytes)
1739811899.454219 sending message 112 to peer 0x148048000 (10 bytes)
1739811899.454225 sending message 112 to peer 0x148048000 (10 bytes)
1739811899.454230 sending message 112 to peer 0x148048000 (13 bytes)
1739811899.454237 sending message 112 to peer 0x148048000 (15 bytes)
1739811899.454242 sending message 112 to peer 0x148048000 (5 bytes)
1739811899.454249 sending message 104 to peer 0x148048000 (0 bytes)
1739811899.454256 sending message 110 to peer 0x148048000 (0 bytes)
1739811899.454262 sending message 107 to peer 0x148048000 (4 bytes)
1739811899.454268 sending message 105 to peer 0x148048000 (17 bytes)
1739811899.454274 sending message 105 to peer 0x148048000 (12 bytes)
1739811899.454279 sending message 105 to peer 0x148048000 (22 bytes)
1739811899.454285 sending message 105 to peer 0x148048000 (31 bytes)
1739811899.454291 sending message 105 to peer 0x148048000 (946 bytes)
1739811899.454304 sending message 105 to peer 0x148048000 (15 bytes)
1739811899.454310 sending message 105 to peer 0x148048000 (66 bytes)
1739811899.454316 sending message 105 to peer 0x148048000 (19 bytes)
1739811899.454322 sending message 105 to peer 0x148048000 (15 bytes)
1739811899.454326 sending message 105 to peer 0x148048000 (57 bytes)
1739811899.454331 sending message 105 to peer 0x148048000 (38 bytes)
1739811899.454336 sending message 105 to peer 0x148048000 (19 bytes)
1739811899.454341 sending message 105 to peer 0x148048000 (14 bytes)
1739811899.454347 sending message 105 to peer 0x148048000 (39 bytes)
1739811899.454352 sending message 105 to peer 0x148048000 (15 bytes)
1739811899.454357 sending message 105 to peer 0x148048000 (71 bytes)
1739811899.454362 sending message 105 to peer 0x148048000 (213 bytes)
1739811899.454380 sending message 105 to peer 0x148048000 (20 bytes)
1739811899.454386 sending message 105 to peer 0x148048000 (20 bytes)
1739811899.454391 sending message 105 to peer 0x148048000 (19 bytes)
1739811899.454396 sending message 105 to peer 0x148048000 (17 bytes)
1739811899.454402 sending message 105 to peer 0x148048000 (19 bytes)
1739811899.454407 sending message 105 to peer 0x148048000 (24 bytes)
1739811899.454413 sending message 105 to peer 0x148048000 (23 bytes)
1739811899.454419 sending message 105 to peer 0x148048000 (23 bytes)
1739811899.454424 sending message 105 to peer 0x148048000 (24 bytes)
1739811899.454429 sending message 105 to peer 0x148048000 (56 bytes)
1739811899.454435 sending message 105 to peer 0x148048000 (8 bytes)
1739811899.454441 sending message 105 to peer 0x148048000 (43 bytes)
1739811899.454446 sending message 105 to peer 0x148048000 (12 bytes)
1739811899.454452 sending message 105 to peer 0x148048000 (46 bytes)
1739811899.454459 sending message 105 to peer 0x148048000 (51 bytes)
1739811899.454464 sending message 105 to peer 0x148048000 (47 bytes)
1739811899.454470 sending message 105 to peer 0x148048000 (27 bytes)
1739811899.454476 sending message 105 to peer 0x148048000 (16 bytes)
1739811899.454481 sending message 105 to peer 0x148048000 (53 bytes)
1739811899.454486 sending message 105 to peer 0x148048000 (62 bytes)
1739811899.454491 sending message 105 to peer 0x148048000 (67 bytes)
1739811899.454496 sending message 105 to peer 0x148048000 (29 bytes)
1739811899.454502 sending message 105 to peer 0x148048000 (31 bytes)
1739811899.454507 sending message 105 to peer 0x148048000 (11 bytes)
1739811899.454512 sending message 105 to peer 0x148048000 (8 bytes)
1739811899.454517 sending message 105 to peer 0x148048000 (32 bytes)
1739811899.454522 sending message 105 to peer 0x148048000 (96 bytes)
1739811899.454528 sending message 105 to peer 0x148048000 (30 bytes)
1739811899.454533 sending message 105 to peer 0x148048000 (41 bytes)
1739811899.454538 sending message 105 to peer 0x148048000 (77 bytes)
1739811899.454543 sending message 105 to peer 0x148048000 (45 bytes)
1739811899.454548 sending message 105 to peer 0x148048000 (7 bytes)
1739811899.454553 sending message 105 to peer 0x148048000 (11 bytes)
1739811899.454558 sending message 105 to peer 0x148048000 (53 bytes)
1739811899.454564 sending message 105 to peer 0x148048000 (14 bytes)
1739811899.454569 sending message 105 to peer 0x148048000 (25 bytes)
1739811899.454573 sending message 106 to peer 0x148048000 (0 bytes)
1739811899.454673 sending message 200 to peer 0x148048000 (4 bytes)
1739811899.454680 client loop enter
1739811899.454704 client_signal: Child exited: 20
1739811899.969166 peer 0x148048000 message 207
1739811899.969173 sending message 208 to peer 0x148048000 (0 bytes)
1739811901.164629 peer 0x148048000 message 203
1739811901.164639 sending message 205 to peer 0x148048000 (0 bytes)
1739811901.164769 peer 0x148048000 message 204
1739811901.164773 client loop exit
